Timestamp: 2024-05-28 12:03:59
URL: /
Source IP: 0:0:0:0:0:0:0:1

Timestamp: 2024-05-28 12:04:00
URL: /favicon.ico
Source IP: 0:0:0:0:0:0:0:1

Timestamp: 2024-05-28 12:04:18
URL: /colorful_macos_big_sur_apple-wallpaper-1920x1080.jpg
Source IP: 0:0:0:0:0:0:0:1

Timestamp: 2024-05-28 12:04:25
URL: /index.html
Source IP: 0:0:0:0:0:0:0:1

Timestamp: 2024-05-28 12:04:25
URL: /style.css
Source IP: 0:0:0:0:0:0:0:1

Timestamp: 2024-05-28 12:04:25
URL: /script.js
Source IP: 0:0:0:0:0:0:0:1

Timestamp: 2024-05-28 12:04:33
URL: /Newfolder
Source IP: 0:0:0:0:0:0:0:1

Timestamp: 2024-05-28 12:04:40
URL: /Pages
Source IP: 0:0:0:0:0:0:0:1

Timestamp: 2024-05-28 12:04:46
URL: /Pages/1693445014906.png
Source IP: 0:0:0:0:0:0:0:1

Timestamp: 2024-05-28 12:05:01
URL: /Pages/UTS%204402.pdf
Source IP: 0:0:0:0:0:0:0:1

Timestamp: 2024-05-28 19:29:07
URL: /
Source IP: 0:0:0:0:0:0:0:1

Timestamp: 2024-05-28 19:29:10
URL: /favicon.ico
Source IP: 0:0:0:0:0:0:0:1

Timestamp: 2024-05-28 19:29:12
URL: /colorful_macos_big_sur_apple-wallpaper-1920x1080.jpg
Source IP: 0:0:0:0:0:0:0:1

Timestamp: 2024-05-28 19:29:14
URL: /index.html
Source IP: 0:0:0:0:0:0:0:1

Timestamp: 2024-05-28 19:29:14
URL: /style.css
Source IP: 0:0:0:0:0:0:0:1

Timestamp: 2024-05-28 19:29:14
URL: /script.js
Source IP: 0:0:0:0:0:0:0:1

Timestamp: 2024-05-28 19:29:16
URL: /Newfolder
Source IP: 0:0:0:0:0:0:0:1

Timestamp: 2024-05-28 19:29:18
URL: /Newfolder
Source IP: 0:0:0:0:0:0:0:1

Timestamp: 2024-05-28 19:29:20
URL: /Pages
Source IP: 0:0:0:0:0:0:0:1

Timestamp: 2024-05-28 19:29:20
URL: /Pages/index.html
Source IP: 0:0:0:0:0:0:0:1

Timestamp: 2024-05-28 19:29:20
URL: /Pages/style.css
Source IP: 0:0:0:0:0:0:0:1

Timestamp: 2024-05-28 19:29:20
URL: /Pages/script.js
Source IP: 0:0:0:0:0:0:0:1

Timestamp: 2024-05-28 19:29:33
URL: /Pages/UTS%204402.pdf
Source IP: 0:0:0:0:0:0:0:1

Timestamp: 2024-05-28 19:29:47
URL: /Pages/style.css
Source IP: 0:0:0:0:0:0:0:1

Timestamp: 2024-05-28 19:29:49
URL: /Pages/filesGambar
Source IP: 0:0:0:0:0:0:0:1

Timestamp: 2024-05-28 19:29:50
URL: /Pages/filesGambar/1667321339731.png
Source IP: 0:0:0:0:0:0:0:1

