Timestamp: 2024-05-29 08:55:10
URL: /
Source IP: 0:0:0:0:0:0:0:1

Timestamp: 2024-05-29 08:55:12
URL: /favicon.ico
Source IP: 0:0:0:0:0:0:0:1

Timestamp: 2024-05-29 08:55:26
URL: /Pages
Source IP: 0:0:0:0:0:0:0:1

Timestamp: 2024-05-29 08:55:31
URL: /Pages
Source IP: 0:0:0:0:0:0:0:1

Timestamp: 2024-05-29 08:56:23
URL: /Pages/filesGambar
Source IP: 0:0:0:0:0:0:0:1

Timestamp: 2024-05-29 08:56:25
URL: /Pages/filesGambar/1667321339731.png
Source IP: 0:0:0:0:0:0:0:1

Timestamp: 2024-05-29 08:56:28
URL: /Pages/1693445014906.png
Source IP: 0:0:0:0:0:0:0:1

Timestamp: 2024-05-29 08:56:37
URL: /Pages
Source IP: 0:0:0:0:0:0:0:1

Timestamp: 2024-05-29 08:56:39
URL: /Pages/filesGambar
Source IP: 0:0:0:0:0:0:0:1

Timestamp: 2024-05-29 08:56:41
URL: /Pages/filesGambar/1667321339731.png
Source IP: 0:0:0:0:0:0:0:1

Timestamp: 2024-05-29 09:43:29
URL: /
Source IP: 0:0:0:0:0:0:0:1

Timestamp: 2024-05-29 09:43:29
URL: /
Source IP: 0:0:0:0:0:0:0:1

Timestamp: 2024-05-29 09:43:29
URL: /
Source IP: 0:0:0:0:0:0:0:1

Timestamp: 2024-05-29 09:43:29
URL: /
Source IP: 0:0:0:0:0:0:0:1

Timestamp: 2024-05-29 09:43:30
URL: /
Source IP: 0:0:0:0:0:0:0:1

Timestamp: 2024-05-29 09:43:30
URL: /
Source IP: 0:0:0:0:0:0:0:1

Timestamp: 2024-05-29 09:43:32
URL: /Pages
Source IP: 0:0:0:0:0:0:0:1

Timestamp: 2024-05-29 09:43:34
URL: /Pages/filesGambar
Source IP: 0:0:0:0:0:0:0:1

Timestamp: 2024-05-29 09:43:35
URL: /Pages/filesGambar/1667321339731.png
Source IP: 0:0:0:0:0:0:0:1

Timestamp: 2024-05-29 09:44:04
URL: /Pages/filesGambar/1667321339731.png
Source IP: 0:0:0:0:0:0:0:1

Timestamp: 2024-05-29 09:44:08
URL: /
Source IP: 0:0:0:0:0:0:0:1

Timestamp: 2024-05-29 09:44:17
URL: /colorful_macos_big_sur_apple-wallpaper-1920x1080.jpg
Source IP: 0:0:0:0:0:0:0:1

Timestamp: 2024-05-29 09:44:38
URL: /index.html
Source IP: 0:0:0:0:0:0:0:1

Timestamp: 2024-05-29 09:44:41
URL: /Pages
Source IP: 0:0:0:0:0:0:0:1

Timestamp: 2024-05-29 09:44:44
URL: /Pages/filesGambar
Source IP: 0:0:0:0:0:0:0:1

Timestamp: 2024-05-29 09:44:52
URL: /Pages/filesGambar
Source IP: 0:0:0:0:0:0:0:1

Timestamp: 2024-05-29 09:45:56
URL: /
Source IP: 0:0:0:0:0:0:0:1

Timestamp: 2024-05-29 09:45:59
URL: /colorful_macos_big_sur_apple-wallpaper-1920x1080.jpg
Source IP: 0:0:0:0:0:0:0:1

Timestamp: 2024-05-29 09:46:02
URL: /index.html
Source IP: 0:0:0:0:0:0:0:1

Timestamp: 2024-05-29 09:46:02
URL: /style.css
Source IP: 0:0:0:0:0:0:0:1

Timestamp: 2024-05-29 09:46:02
URL: /script.js
Source IP: 0:0:0:0:0:0:0:1

Timestamp: 2024-05-29 09:46:05
URL: /Pages
Source IP: 0:0:0:0:0:0:0:1

Timestamp: 2024-05-29 09:46:12
URL: /Pages/index.html
Source IP: 0:0:0:0:0:0:0:1

Timestamp: 2024-05-29 09:46:13
URL: /Pages/style.css
Source IP: 0:0:0:0:0:0:0:1

Timestamp: 2024-05-29 09:46:13
URL: /Pages/script.js
Source IP: 0:0:0:0:0:0:0:1

Timestamp: 2024-05-29 10:35:05
URL: /
Source IP: 0:0:0:0:0:0:0:1

Timestamp: 2024-05-29 10:35:05
URL: /favicon.ico
Source IP: 0:0:0:0:0:0:0:1

Timestamp: 2024-05-29 10:35:08
URL: /colorful_macos_big_sur_apple-wallpaper-1920x1080.jpg
Source IP: 0:0:0:0:0:0:0:1

Timestamp: 2024-05-29 10:57:26
URL: /
Source IP: 0:0:0:0:0:0:0:1

Timestamp: 2024-05-29 10:57:26
URL: /
Source IP: 0:0:0:0:0:0:0:1

Timestamp: 2024-05-29 10:57:26
URL: /
Source IP: 0:0:0:0:0:0:0:1

Timestamp: 2024-05-29 10:57:26
URL: /
Source IP: 0:0:0:0:0:0:0:1

Timestamp: 2024-05-29 10:57:27
URL: /
Source IP: 0:0:0:0:0:0:0:1

Timestamp: 2024-05-29 10:57:28
URL: /Pages
Source IP: 0:0:0:0:0:0:0:1

Timestamp: 2024-05-29 10:57:31
URL: /Pages/filesGambar
Source IP: 0:0:0:0:0:0:0:1

Timestamp: 2024-05-29 10:57:32
URL: /Pages/filesGambar/1667321339731.png
Source IP: 0:0:0:0:0:0:0:1

Timestamp: 2024-05-29 10:58:48
URL: /
Source IP: 0:0:0:0:0:0:0:1

Timestamp: 2024-05-29 10:58:48
URL: /favicon.ico
Source IP: 0:0:0:0:0:0:0:1

Timestamp: 2024-05-29 10:58:50
URL: /colorful_macos_big_sur_apple-wallpaper-1920x1080.jpg
Source IP: 0:0:0:0:0:0:0:1

Timestamp: 2024-05-29 11:03:05
URL: /
Source IP: 0:0:0:0:0:0:0:1

Timestamp: 2024-05-29 11:03:15
URL: /Videos
Source IP: 0:0:0:0:0:0:0:1

Timestamp: 2024-05-29 11:10:17
URL: /
Source IP: 0:0:0:0:0:0:0:1

Timestamp: 2024-05-29 11:12:54
URL: /
Source IP: 0:0:0:0:0:0:0:1

Timestamp: 2024-05-29 11:12:54
URL: /favicon.ico
Source IP: 0:0:0:0:0:0:0:1

Timestamp: 2024-05-29 11:14:40
URL: /
Source IP: 0:0:0:0:0:0:0:1

Timestamp: 2024-05-29 11:14:43
URL: /0-6843634564483239271.pdf
Source IP: 0:0:0:0:0:0:0:1

Timestamp: 2024-05-29 11:14:52
URL: /1269-5033-1-PB.pdf
Source IP: 0:0:0:0:0:0:0:1

Timestamp: 2024-05-29 11:14:58
URL: /A11.2022.14773_David-Naufal-Zaki.pdf
Source IP: 0:0:0:0:0:0:0:1

Timestamp: 2024-05-29 11:27:55
URL: /
Source IP: 0:0:0:0:0:0:0:1

Timestamp: 2024-05-29 11:37:29
URL: /
Source IP: 0:0:0:0:0:0:0:1

Timestamp: 2024-05-29 11:37:29
URL: /favicon.ico
Source IP: 0:0:0:0:0:0:0:1

Timestamp: 2024-05-29 11:37:32
URL: /0-6843634564483239271.pdf
Source IP: 0:0:0:0:0:0:0:1

Timestamp: 2024-05-29 11:42:14
URL: /
Source IP: 0:0:0:0:0:0:0:1

Timestamp: 2024-05-29 11:56:36
URL: /
Source IP: 0:0:0:0:0:0:0:1

Timestamp: 2024-05-29 11:56:36
URL: /Screenshot_2023-05-18_075338-removebg-preview%20(1).png
Source IP: 0:0:0:0:0:0:0:1

Timestamp: 2024-05-29 11:59:29
URL: /
Source IP: 0:0:0:0:0:0:0:1

Timestamp: 2024-05-29 11:59:30
URL: /
Source IP: 0:0:0:0:0:0:0:1

Timestamp: 2024-05-29 11:59:31
URL: /
Source IP: 0:0:0:0:0:0:0:1

Timestamp: 2024-05-29 11:59:31
URL: /
Source IP: 0:0:0:0:0:0:0:1

Timestamp: 2024-05-29 11:59:31
URL: /
Source IP: 0:0:0:0:0:0:0:1

Timestamp: 2024-05-29 12:04:42
URL: /
Source IP: 0:0:0:0:0:0:0:1

Timestamp: 2024-05-29 12:04:42
URL: /Screenshot_2023-05-18_075338-removebg-preview%20(1)
Source IP: 0:0:0:0:0:0:0:1

Timestamp: 2024-05-29 12:05:55
URL: /
Source IP: 0:0:0:0:0:0:0:1

Timestamp: 2024-05-29 12:15:03
URL: /
Source IP: 0:0:0:0:0:0:0:1

Timestamp: 2024-05-29 12:16:26
URL: /
Source IP: 0:0:0:0:0:0:0:1

Timestamp: 2024-05-29 12:16:26
URL: /Screenshot_2023-05-18_075338-removebg-preview%20(1)
Source IP: 0:0:0:0:0:0:0:1

Timestamp: 2024-05-29 12:16:27
URL: /
Source IP: 0:0:0:0:0:0:0:1

Timestamp: 2024-05-29 12:16:27
URL: /Screenshot_2023-05-18_075338-removebg-preview%20(1)
Source IP: 0:0:0:0:0:0:0:1

Timestamp: 2024-05-29 12:16:27
URL: /
Source IP: 0:0:0:0:0:0:0:1

Timestamp: 2024-05-29 12:16:27
URL: /Screenshot_2023-05-18_075338-removebg-preview%20(1)
Source IP: 0:0:0:0:0:0:0:1

Timestamp: 2024-05-29 12:16:27
URL: /
Source IP: 0:0:0:0:0:0:0:1

Timestamp: 2024-05-29 12:16:27
URL: /Screenshot_2023-05-18_075338-removebg-preview%20(1)
Source IP: 0:0:0:0:0:0:0:1

Timestamp: 2024-05-29 12:16:27
URL: /
Source IP: 0:0:0:0:0:0:0:1

Timestamp: 2024-05-29 12:16:27
URL: /Screenshot_2023-05-18_075338-removebg-preview%20(1)
Source IP: 0:0:0:0:0:0:0:1

Timestamp: 2024-05-29 12:16:27
URL: /
Source IP: 0:0:0:0:0:0:0:1

Timestamp: 2024-05-29 12:16:27
URL: /Screenshot_2023-05-18_075338-removebg-preview%20(1)
Source IP: 0:0:0:0:0:0:0:1

Timestamp: 2024-05-29 12:16:27
URL: /
Source IP: 0:0:0:0:0:0:0:1

Timestamp: 2024-05-29 12:16:27
URL: /Screenshot_2023-05-18_075338-removebg-preview%20(1)
Source IP: 0:0:0:0:0:0:0:1

Timestamp: 2024-05-29 12:16:27
URL: /
Source IP: 0:0:0:0:0:0:0:1

Timestamp: 2024-05-29 12:16:27
URL: /Screenshot_2023-05-18_075338-removebg-preview%20(1)
Source IP: 0:0:0:0:0:0:0:1

Timestamp: 2024-05-29 12:16:28
URL: /
Source IP: 0:0:0:0:0:0:0:1

Timestamp: 2024-05-29 12:16:28
URL: /Screenshot_2023-05-18_075338-removebg-preview%20(1)
Source IP: 0:0:0:0:0:0:0:1

Timestamp: 2024-05-29 12:16:28
URL: /
Source IP: 0:0:0:0:0:0:0:1

Timestamp: 2024-05-29 12:16:28
URL: /Screenshot_2023-05-18_075338-removebg-preview%20(1)
Source IP: 0:0:0:0:0:0:0:1

Timestamp: 2024-05-29 12:16:28
URL: /
Source IP: 0:0:0:0:0:0:0:1

Timestamp: 2024-05-29 12:16:28
URL: /Screenshot_2023-05-18_075338-removebg-preview%20(1)
Source IP: 0:0:0:0:0:0:0:1

Timestamp: 2024-05-29 12:21:51
URL: /
Source IP: 0:0:0:0:0:0:0:1

Timestamp: 2024-05-29 12:21:54
URL: /
Source IP: 0:0:0:0:0:0:0:1

Timestamp: 2024-05-29 12:21:54
URL: /
Source IP: 0:0:0:0:0:0:0:1

Timestamp: 2024-05-29 12:21:54
URL: /
Source IP: 0:0:0:0:0:0:0:1

Timestamp: 2024-05-29 12:23:10
URL: /
Source IP: 0:0:0:0:0:0:0:1

Timestamp: 2024-05-29 12:31:52
URL: /
Source IP: 0:0:0:0:0:0:0:1

Timestamp: 2024-05-29 12:37:43
URL: /
Source IP: 0:0:0:0:0:0:0:1

Timestamp: 2024-05-29 12:40:25
URL: /
Source IP: 0:0:0:0:0:0:0:1

Timestamp: 2024-05-29 12:40:25
URL: /Screenshot_2023-05-18_075338-removebg-preview%20(1).png
Source IP: 0:0:0:0:0:0:0:1

Timestamp: 2024-05-29 18:53:01
URL: /
Source IP: 0:0:0:0:0:0:0:1

Timestamp: 2024-05-29 18:53:02
URL: /favicon.ico
Source IP: 0:0:0:0:0:0:0:1

Timestamp: 2024-05-29 18:53:05
URL: /index.html
Source IP: 0:0:0:0:0:0:0:1

Timestamp: 2024-05-29 18:53:05
URL: /gambar1.jpg
Source IP: 0:0:0:0:0:0:0:1

Timestamp: 2024-05-29 18:53:05
URL: /gambar2.jpg
Source IP: 0:0:0:0:0:0:0:1

Timestamp: 2024-05-29 18:53:05
URL: /1693445014906.png
Source IP: 0:0:0:0:0:0:0:1

Timestamp: 2024-05-29 18:53:57
URL: /index.html
Source IP: 0:0:0:0:0:0:0:1

Timestamp: 2024-05-29 18:53:57
URL: /gambar1.jpg
Source IP: 0:0:0:0:0:0:0:1

Timestamp: 2024-05-29 18:53:57
URL: /gambar2.jpg
Source IP: 0:0:0:0:0:0:0:1

Timestamp: 2024-05-29 18:53:58
URL: /index.html
Source IP: 0:0:0:0:0:0:0:1

Timestamp: 2024-05-29 18:53:58
URL: /gambar1.jpg
Source IP: 0:0:0:0:0:0:0:1

Timestamp: 2024-05-29 18:53:58
URL: /gambar2.jpg
Source IP: 0:0:0:0:0:0:0:1

Timestamp: 2024-05-29 18:53:58
URL: /index.html
Source IP: 0:0:0:0:0:0:0:1

Timestamp: 2024-05-29 18:53:58
URL: /gambar1.jpg
Source IP: 0:0:0:0:0:0:0:1

Timestamp: 2024-05-29 18:53:58
URL: /gambar2.jpg
Source IP: 0:0:0:0:0:0:0:1

Timestamp: 2024-05-29 18:53:58
URL: /index.html
Source IP: 0:0:0:0:0:0:0:1

Timestamp: 2024-05-29 18:53:58
URL: /gambar1.jpg
Source IP: 0:0:0:0:0:0:0:1

Timestamp: 2024-05-29 18:53:58
URL: /gambar2.jpg
Source IP: 0:0:0:0:0:0:0:1

Timestamp: 2024-05-29 18:53:58
URL: /index.html
Source IP: 0:0:0:0:0:0:0:1

Timestamp: 2024-05-29 18:53:58
URL: /gambar1.jpg
Source IP: 0:0:0:0:0:0:0:1

Timestamp: 2024-05-29 18:53:58
URL: /gambar2.jpg
Source IP: 0:0:0:0:0:0:0:1

Timestamp: 2024-05-29 18:53:58
URL: /index.html
Source IP: 0:0:0:0:0:0:0:1

Timestamp: 2024-05-29 18:53:58
URL: /gambar1.jpg
Source IP: 0:0:0:0:0:0:0:1

Timestamp: 2024-05-29 18:53:58
URL: /gambar2.jpg
Source IP: 0:0:0:0:0:0:0:1

Timestamp: 2024-05-29 18:53:59
URL: /index.html
Source IP: 0:0:0:0:0:0:0:1

Timestamp: 2024-05-29 18:53:59
URL: /gambar1.jpg
Source IP: 0:0:0:0:0:0:0:1

Timestamp: 2024-05-29 18:53:59
URL: /gambar2.jpg
Source IP: 0:0:0:0:0:0:0:1

Timestamp: 2024-05-29 18:53:59
URL: /index.html
Source IP: 0:0:0:0:0:0:0:1

Timestamp: 2024-05-29 18:53:59
URL: /gambar1.jpg
Source IP: 0:0:0:0:0:0:0:1

Timestamp: 2024-05-29 18:53:59
URL: /gambar2.jpg
Source IP: 0:0:0:0:0:0:0:1

Timestamp: 2024-05-29 18:53:59
URL: /index.html
Source IP: 0:0:0:0:0:0:0:1

Timestamp: 2024-05-29 18:53:59
URL: /gambar1.jpg
Source IP: 0:0:0:0:0:0:0:1

Timestamp: 2024-05-29 18:53:59
URL: /gambar2.jpg
Source IP: 0:0:0:0:0:0:0:1

Timestamp: 2024-05-29 18:53:59
URL: /index.html
Source IP: 0:0:0:0:0:0:0:1

Timestamp: 2024-05-29 18:53:59
URL: /gambar1.jpg
Source IP: 0:0:0:0:0:0:0:1

Timestamp: 2024-05-29 18:53:59
URL: /gambar2.jpg
Source IP: 0:0:0:0:0:0:0:1

Timestamp: 2024-05-29 18:53:59
URL: /index.html
Source IP: 0:0:0:0:0:0:0:1

Timestamp: 2024-05-29 18:53:59
URL: /gambar1.jpg
Source IP: 0:0:0:0:0:0:0:1

Timestamp: 2024-05-29 18:53:59
URL: /gambar2.jpg
Source IP: 0:0:0:0:0:0:0:1

Timestamp: 2024-05-29 18:53:59
URL: /index.html
Source IP: 0:0:0:0:0:0:0:1

Timestamp: 2024-05-29 18:53:59
URL: /gambar1.jpg
Source IP: 0:0:0:0:0:0:0:1

Timestamp: 2024-05-29 18:53:59
URL: /gambar2.jpg
Source IP: 0:0:0:0:0:0:0:1

Timestamp: 2024-05-29 18:54:00
URL: /index.html
Source IP: 0:0:0:0:0:0:0:1

Timestamp: 2024-05-29 18:54:00
URL: /gambar1.jpg
Source IP: 0:0:0:0:0:0:0:1

Timestamp: 2024-05-29 18:54:00
URL: /gambar2.jpg
Source IP: 0:0:0:0:0:0:0:1

Timestamp: 2024-05-29 18:54:00
URL: /index.html
Source IP: 0:0:0:0:0:0:0:1

Timestamp: 2024-05-29 18:54:00
URL: /gambar1.jpg
Source IP: 0:0:0:0:0:0:0:1

Timestamp: 2024-05-29 18:54:00
URL: /gambar2.jpg
Source IP: 0:0:0:0:0:0:0:1

Timestamp: 2024-05-29 18:54:00
URL: /index.html
Source IP: 0:0:0:0:0:0:0:1

Timestamp: 2024-05-29 18:54:00
URL: /gambar1.jpg
Source IP: 0:0:0:0:0:0:0:1

Timestamp: 2024-05-29 18:54:00
URL: /gambar2.jpg
Source IP: 0:0:0:0:0:0:0:1

Timestamp: 2024-05-29 18:54:00
URL: /index.html
Source IP: 0:0:0:0:0:0:0:1

Timestamp: 2024-05-29 18:54:00
URL: /gambar1.jpg
Source IP: 0:0:0:0:0:0:0:1

Timestamp: 2024-05-29 18:54:00
URL: /gambar2.jpg
Source IP: 0:0:0:0:0:0:0:1

Timestamp: 2024-05-29 18:54:00
URL: /index.html
Source IP: 0:0:0:0:0:0:0:1

Timestamp: 2024-05-29 18:54:00
URL: /gambar1.jpg
Source IP: 0:0:0:0:0:0:0:1

Timestamp: 2024-05-29 18:54:00
URL: /gambar2.jpg
Source IP: 0:0:0:0:0:0:0:1

Timestamp: 2024-05-29 18:54:01
URL: /index.html
Source IP: 0:0:0:0:0:0:0:1

Timestamp: 2024-05-29 18:54:01
URL: /gambar1.jpg
Source IP: 0:0:0:0:0:0:0:1

Timestamp: 2024-05-29 18:54:01
URL: /gambar2.jpg
Source IP: 0:0:0:0:0:0:0:1

Timestamp: 2024-05-29 18:54:02
URL: /index.html
Source IP: 0:0:0:0:0:0:0:1

Timestamp: 2024-05-29 18:54:02
URL: /gambar1.jpg
Source IP: 0:0:0:0:0:0:0:1

Timestamp: 2024-05-29 18:54:02
URL: /gambar2.jpg
Source IP: 0:0:0:0:0:0:0:1

Timestamp: 2024-05-29 18:54:24
URL: /index.html
Source IP: 0:0:0:0:0:0:0:1

Timestamp: 2024-05-29 18:54:24
URL: /gambar1.jpg
Source IP: 0:0:0:0:0:0:0:1

Timestamp: 2024-05-29 18:54:24
URL: /gambar2.jpg
Source IP: 0:0:0:0:0:0:0:1

Timestamp: 2024-05-29 18:55:32
URL: /index.html
Source IP: 0:0:0:0:0:0:0:1

Timestamp: 2024-05-29 18:55:32
URL: /gambar1.jpg
Source IP: 0:0:0:0:0:0:0:1

Timestamp: 2024-05-29 18:55:32
URL: /gambar2.jpg
Source IP: 0:0:0:0:0:0:0:1

Timestamp: 2024-05-29 18:55:33
URL: /index.html
Source IP: 0:0:0:0:0:0:0:1

Timestamp: 2024-05-29 18:55:33
URL: /gambar1.jpg
Source IP: 0:0:0:0:0:0:0:1

Timestamp: 2024-05-29 18:55:33
URL: /gambar2.jpg
Source IP: 0:0:0:0:0:0:0:1

Timestamp: 2024-05-29 18:55:33
URL: /index.html
Source IP: 0:0:0:0:0:0:0:1

Timestamp: 2024-05-29 18:55:33
URL: /gambar1.jpg
Source IP: 0:0:0:0:0:0:0:1

Timestamp: 2024-05-29 18:55:33
URL: /gambar2.jpg
Source IP: 0:0:0:0:0:0:0:1

Timestamp: 2024-05-29 18:55:33
URL: /index.html
Source IP: 0:0:0:0:0:0:0:1

Timestamp: 2024-05-29 18:55:33
URL: /gambar1.jpg
Source IP: 0:0:0:0:0:0:0:1

Timestamp: 2024-05-29 18:55:33
URL: /gambar2.jpg
Source IP: 0:0:0:0:0:0:0:1

Timestamp: 2024-05-29 18:55:49
URL: /index.html
Source IP: 0:0:0:0:0:0:0:1

Timestamp: 2024-05-29 18:55:49
URL: /gambar1.jpg
Source IP: 0:0:0:0:0:0:0:1

Timestamp: 2024-05-29 18:55:49
URL: /gambar2.jpg
Source IP: 0:0:0:0:0:0:0:1

Timestamp: 2024-05-29 18:55:49
URL: /index.html
Source IP: 0:0:0:0:0:0:0:1

Timestamp: 2024-05-29 18:55:49
URL: /gambar1.jpg
Source IP: 0:0:0:0:0:0:0:1

Timestamp: 2024-05-29 18:55:49
URL: /gambar2.jpg
Source IP: 0:0:0:0:0:0:0:1

Timestamp: 2024-05-29 18:55:50
URL: /index.html
Source IP: 0:0:0:0:0:0:0:1

Timestamp: 2024-05-29 18:55:50
URL: /gambar1.jpg
Source IP: 0:0:0:0:0:0:0:1

Timestamp: 2024-05-29 18:55:50
URL: /gambar2.jpg
Source IP: 0:0:0:0:0:0:0:1

Timestamp: 2024-05-29 18:55:50
URL: /index.html
Source IP: 0:0:0:0:0:0:0:1

Timestamp: 2024-05-29 18:55:50
URL: /gambar1.jpg
Source IP: 0:0:0:0:0:0:0:1

Timestamp: 2024-05-29 18:55:50
URL: /gambar2.jpg
Source IP: 0:0:0:0:0:0:0:1

Timestamp: 2024-05-29 18:55:50
URL: /index.html
Source IP: 0:0:0:0:0:0:0:1

Timestamp: 2024-05-29 18:55:50
URL: /gambar1.jpg
Source IP: 0:0:0:0:0:0:0:1

Timestamp: 2024-05-29 18:55:50
URL: /gambar2.jpg
Source IP: 0:0:0:0:0:0:0:1

Timestamp: 2024-05-29 18:55:50
URL: /index.html
Source IP: 0:0:0:0:0:0:0:1

Timestamp: 2024-05-29 18:55:50
URL: /gambar1.jpg
Source IP: 0:0:0:0:0:0:0:1

Timestamp: 2024-05-29 18:55:50
URL: /gambar2.jpg
Source IP: 0:0:0:0:0:0:0:1

Timestamp: 2024-05-29 18:55:50
URL: /index.html
Source IP: 0:0:0:0:0:0:0:1

Timestamp: 2024-05-29 18:55:50
URL: /gambar1.jpg
Source IP: 0:0:0:0:0:0:0:1

Timestamp: 2024-05-29 18:55:50
URL: /gambar2.jpg
Source IP: 0:0:0:0:0:0:0:1

Timestamp: 2024-05-29 18:55:50
URL: /index.html
Source IP: 0:0:0:0:0:0:0:1

Timestamp: 2024-05-29 18:55:50
URL: /gambar1.jpg
Source IP: 0:0:0:0:0:0:0:1

Timestamp: 2024-05-29 18:55:50
URL: /gambar2.jpg
Source IP: 0:0:0:0:0:0:0:1

Timestamp: 2024-05-29 18:55:51
URL: /index.html
Source IP: 0:0:0:0:0:0:0:1

Timestamp: 2024-05-29 18:55:51
URL: /gambar1.jpg
Source IP: 0:0:0:0:0:0:0:1

Timestamp: 2024-05-29 18:55:51
URL: /gambar2.jpg
Source IP: 0:0:0:0:0:0:0:1

Timestamp: 2024-05-29 18:56:40
URL: /index.html
Source IP: 0:0:0:0:0:0:0:1

Timestamp: 2024-05-29 18:56:40
URL: /gambar1.jpg
Source IP: 0:0:0:0:0:0:0:1

Timestamp: 2024-05-29 18:56:40
URL: /gambar2.jpg
Source IP: 0:0:0:0:0:0:0:1

Timestamp: 2024-05-29 18:56:42
URL: /index.html
Source IP: 0:0:0:0:0:0:0:1

Timestamp: 2024-05-29 18:56:42
URL: /gambar1.jpg
Source IP: 0:0:0:0:0:0:0:1

Timestamp: 2024-05-29 18:56:42
URL: /gambar2.jpg
Source IP: 0:0:0:0:0:0:0:1

Timestamp: 2024-05-29 18:56:43
URL: /index.html
Source IP: 0:0:0:0:0:0:0:1

Timestamp: 2024-05-29 18:56:43
URL: /gambar1.jpg
Source IP: 0:0:0:0:0:0:0:1

Timestamp: 2024-05-29 18:56:43
URL: /gambar2.jpg
Source IP: 0:0:0:0:0:0:0:1

Timestamp: 2024-05-29 18:58:35
URL: /
Source IP: 0:0:0:0:0:0:0:1

Timestamp: 2024-05-29 18:58:35
URL: /favicon.ico
Source IP: 0:0:0:0:0:0:0:1

Timestamp: 2024-05-29 18:58:38
URL: /index.html
Source IP: 0:0:0:0:0:0:0:1

Timestamp: 2024-05-29 18:58:38
URL: /gambar1.jpg
Source IP: 0:0:0:0:0:0:0:1

Timestamp: 2024-05-29 18:58:38
URL: /gambar2.jpg
Source IP: 0:0:0:0:0:0:0:1

Timestamp: 2024-05-29 18:58:48
URL: /Pages
Source IP: 0:0:0:0:0:0:0:1

Timestamp: 2024-05-29 18:58:54
URL: /Pages/index.html
Source IP: 0:0:0:0:0:0:0:1

Timestamp: 2024-05-29 18:58:54
URL: /Pages/gambar1.jpg
Source IP: 0:0:0:0:0:0:0:1

Timestamp: 2024-05-29 18:58:54
URL: /Pages/gambar2.jpg
Source IP: 0:0:0:0:0:0:0:1

Timestamp: 2024-05-29 18:58:54
URL: /Pages/background.jpg
Source IP: 0:0:0:0:0:0:0:1

Timestamp: 2024-05-29 18:58:58
URL: /Pages/index.html
Source IP: 0:0:0:0:0:0:0:1

Timestamp: 2024-05-29 18:58:58
URL: /Pages/gambar1.jpg
Source IP: 0:0:0:0:0:0:0:1

Timestamp: 2024-05-29 18:58:58
URL: /Pages/gambar2.jpg
Source IP: 0:0:0:0:0:0:0:1

Timestamp: 2024-05-29 18:58:58
URL: /Pages/background.jpg
Source IP: 0:0:0:0:0:0:0:1

Timestamp: 2024-05-29 18:59:20
URL: /Pages/index.html
Source IP: 0:0:0:0:0:0:0:1

Timestamp: 2024-05-29 18:59:21
URL: /Pages/gambar1.jpg
Source IP: 0:0:0:0:0:0:0:1

Timestamp: 2024-05-29 18:59:21
URL: /Pages/gambar2.jpg
Source IP: 0:0:0:0:0:0:0:1

Timestamp: 2024-05-29 18:59:21
URL: /Pages/1693445014906.png
Source IP: 0:0:0:0:0:0:0:1

Timestamp: 2024-05-29 19:00:59
URL: /Pages/index.html
Source IP: 0:0:0:0:0:0:0:1

Timestamp: 2024-05-29 19:00:59
URL: /Pages/gambar1.jpg
Source IP: 0:0:0:0:0:0:0:1

Timestamp: 2024-05-29 19:00:59
URL: /Pages/gambar2.jpg
Source IP: 0:0:0:0:0:0:0:1

Timestamp: 2024-05-29 19:00:59
URL: /Pages/1693445014906.png
Source IP: 0:0:0:0:0:0:0:1

Timestamp: 2024-05-29 19:01:04
URL: /Pages
Source IP: 0:0:0:0:0:0:0:1

Timestamp: 2024-05-29 19:01:09
URL: /Pages/Logo-Udinus.png
Source IP: 0:0:0:0:0:0:0:1

Timestamp: 2024-05-29 19:01:37
URL: /
Source IP: 0:0:0:0:0:0:0:1

Timestamp: 2024-05-29 19:03:35
URL: /Pages/Logo-Udinus.png
Source IP: 0:0:0:0:0:0:0:1

Timestamp: 2024-05-29 19:04:02
URL: /Pages
Source IP: 0:0:0:0:0:0:0:1

Timestamp: 2024-05-29 19:04:03
URL: /Pages/index.html
Source IP: 0:0:0:0:0:0:0:1

Timestamp: 2024-05-29 19:04:03
URL: /Pages/gambar1.jpg
Source IP: 0:0:0:0:0:0:0:1

Timestamp: 2024-05-29 19:04:03
URL: /Pages/gambar2.jpg
Source IP: 0:0:0:0:0:0:0:1

Timestamp: 2024-05-29 19:04:03
URL: /Pages/Logo-Udinus.png
Source IP: 0:0:0:0:0:0:0:1

Timestamp: 2024-05-29 19:06:55
URL: /Pages/index.html
Source IP: 0:0:0:0:0:0:0:1

Timestamp: 2024-05-29 19:06:55
URL: /Pages/gambar1.jpg
Source IP: 0:0:0:0:0:0:0:1

Timestamp: 2024-05-29 19:06:55
URL: /Pages/gambar2.jpg
Source IP: 0:0:0:0:0:0:0:1

Timestamp: 2024-05-29 19:06:55
URL: /Pages/Logo-Udinus.png
Source IP: 0:0:0:0:0:0:0:1

Timestamp: 2024-05-29 19:07:09
URL: /Pages/index.html
Source IP: 0:0:0:0:0:0:0:1

Timestamp: 2024-05-29 19:07:10
URL: /Pages/gambar1.jpg
Source IP: 0:0:0:0:0:0:0:1

Timestamp: 2024-05-29 19:07:10
URL: /Pages/gambar2.jpg
Source IP: 0:0:0:0:0:0:0:1

Timestamp: 2024-05-29 19:07:10
URL: /Pages/Logo-Udinus.png
Source IP: 0:0:0:0:0:0:0:1

Timestamp: 2024-05-29 19:07:15
URL: /Pages/index.html
Source IP: 0:0:0:0:0:0:0:1

Timestamp: 2024-05-29 19:07:15
URL: /Pages/gambar1.jpg
Source IP: 0:0:0:0:0:0:0:1

Timestamp: 2024-05-29 19:07:15
URL: /Pages/Logo-Udinus.png
Source IP: 0:0:0:0:0:0:0:1

Timestamp: 2024-05-29 19:07:15
URL: /Pages/gambar2.jpg
Source IP: 0:0:0:0:0:0:0:1

Timestamp: 2024-05-29 19:07:27
URL: /Pages/index.html
Source IP: 0:0:0:0:0:0:0:1

Timestamp: 2024-05-29 19:07:27
URL: /Pages/gambar1.jpg
Source IP: 0:0:0:0:0:0:0:1

Timestamp: 2024-05-29 19:07:27
URL: /Pages/gambar2.jpg
Source IP: 0:0:0:0:0:0:0:1

Timestamp: 2024-05-29 19:07:27
URL: /Pages/Logo-Udinus.png
Source IP: 0:0:0:0:0:0:0:1

Timestamp: 2024-05-29 19:07:49
URL: /Pages/index.html
Source IP: 0:0:0:0:0:0:0:1

Timestamp: 2024-05-29 19:07:49
URL: /Pages/gambar1.jpg
Source IP: 0:0:0:0:0:0:0:1

Timestamp: 2024-05-29 19:07:49
URL: /Pages/Logo-Udinus.png
Source IP: 0:0:0:0:0:0:0:1

Timestamp: 2024-05-29 19:07:49
URL: /Pages/gambar2.jpg
Source IP: 0:0:0:0:0:0:0:1

Timestamp: 2024-05-29 19:08:04
URL: /Pages/index.html
Source IP: 0:0:0:0:0:0:0:1

Timestamp: 2024-05-29 19:08:04
URL: /Pages/gambar2.jpg
Source IP: 0:0:0:0:0:0:0:1

Timestamp: 2024-05-29 19:08:04
URL: /Pages/gambar1.jpg
Source IP: 0:0:0:0:0:0:0:1

Timestamp: 2024-05-29 19:08:04
URL: /Pages/Logo-Udinus.png
Source IP: 0:0:0:0:0:0:0:1

Timestamp: 2024-05-29 19:09:32
URL: /Pages/index.html
Source IP: 0:0:0:0:0:0:0:1

Timestamp: 2024-05-29 19:09:32
URL: /Pages/gambar1.jpg
Source IP: 0:0:0:0:0:0:0:1

Timestamp: 2024-05-29 19:09:32
URL: /Pages/gambar2.jpg
Source IP: 0:0:0:0:0:0:0:1

Timestamp: 2024-05-29 19:09:32
URL: /Pages/Logo-Udinus.png
Source IP: 0:0:0:0:0:0:0:1

Timestamp: 2024-05-29 19:09:32
URL: /Pages/index.html
Source IP: 0:0:0:0:0:0:0:1

Timestamp: 2024-05-29 19:09:32
URL: /Pages/gambar1.jpg
Source IP: 0:0:0:0:0:0:0:1

Timestamp: 2024-05-29 19:09:32
URL: /Pages/gambar2.jpg
Source IP: 0:0:0:0:0:0:0:1

Timestamp: 2024-05-29 19:09:32
URL: /Pages/Logo-Udinus.png
Source IP: 0:0:0:0:0:0:0:1

Timestamp: 2024-05-29 19:09:32
URL: /Pages/index.html
Source IP: 0:0:0:0:0:0:0:1

Timestamp: 2024-05-29 19:09:32
URL: /Pages/gambar1.jpg
Source IP: 0:0:0:0:0:0:0:1

Timestamp: 2024-05-29 19:09:33
URL: /Pages/Logo-Udinus.png
Source IP: 0:0:0:0:0:0:0:1

Timestamp: 2024-05-29 19:09:33
URL: /Pages/gambar2.jpg
Source IP: 0:0:0:0:0:0:0:1

Timestamp: 2024-05-29 19:09:33
URL: /Pages/index.html
Source IP: 0:0:0:0:0:0:0:1

Timestamp: 2024-05-29 19:09:33
URL: /Pages/Logo-Udinus.png
Source IP: 0:0:0:0:0:0:0:1

Timestamp: 2024-05-29 19:09:33
URL: /Pages/gambar1.jpg
Source IP: 0:0:0:0:0:0:0:1

Timestamp: 2024-05-29 19:09:33
URL: /Pages/gambar2.jpg
Source IP: 0:0:0:0:0:0:0:1

Timestamp: 2024-05-29 19:09:33
URL: /Pages/index.html
Source IP: 0:0:0:0:0:0:0:1

Timestamp: 2024-05-29 19:09:33
URL: /Pages/gambar1.jpg
Source IP: 0:0:0:0:0:0:0:1

Timestamp: 2024-05-29 19:09:33
URL: /Pages/gambar2.jpg
Source IP: 0:0:0:0:0:0:0:1

Timestamp: 2024-05-29 19:09:33
URL: /Pages/Logo-Udinus.png
Source IP: 0:0:0:0:0:0:0:1

Timestamp: 2024-05-29 19:09:34
URL: /Pages/index.html
Source IP: 0:0:0:0:0:0:0:1

Timestamp: 2024-05-29 19:09:34
URL: /Pages/gambar1.jpg
Source IP: 0:0:0:0:0:0:0:1

Timestamp: 2024-05-29 19:09:34
URL: /Pages/gambar2.jpg
Source IP: 0:0:0:0:0:0:0:1

Timestamp: 2024-05-29 19:09:34
URL: /Pages/Logo-Udinus.png
Source IP: 0:0:0:0:0:0:0:1

Timestamp: 2024-05-29 19:09:57
URL: /Pages/index.html
Source IP: 0:0:0:0:0:0:0:1

Timestamp: 2024-05-29 19:09:57
URL: /Pages/gambar1.jpg
Source IP: 0:0:0:0:0:0:0:1

Timestamp: 2024-05-29 19:09:57
URL: /Pages/gambar2.jpg
Source IP: 0:0:0:0:0:0:0:1

Timestamp: 2024-05-29 19:09:57
URL: /Pages/Logo-Udinus.png
Source IP: 0:0:0:0:0:0:0:1

Timestamp: 2024-05-29 19:09:57
URL: /Pages/index.html
Source IP: 0:0:0:0:0:0:0:1

Timestamp: 2024-05-29 19:09:57
URL: /Pages/gambar1.jpg
Source IP: 0:0:0:0:0:0:0:1

Timestamp: 2024-05-29 19:09:57
URL: /Pages/gambar2.jpg
Source IP: 0:0:0:0:0:0:0:1

Timestamp: 2024-05-29 19:09:57
URL: /Pages/Logo-Udinus.png
Source IP: 0:0:0:0:0:0:0:1

Timestamp: 2024-05-29 19:09:58
URL: /Pages/index.html
Source IP: 0:0:0:0:0:0:0:1

Timestamp: 2024-05-29 19:09:58
URL: /Pages/gambar1.jpg
Source IP: 0:0:0:0:0:0:0:1

Timestamp: 2024-05-29 19:09:58
URL: /Pages/gambar2.jpg
Source IP: 0:0:0:0:0:0:0:1

Timestamp: 2024-05-29 19:09:58
URL: /Pages/Logo-Udinus.png
Source IP: 0:0:0:0:0:0:0:1

Timestamp: 2024-05-29 19:10:13
URL: /Pages/index.html
Source IP: 0:0:0:0:0:0:0:1

Timestamp: 2024-05-29 19:10:13
URL: /Pages/gambar1.jpg
Source IP: 0:0:0:0:0:0:0:1

Timestamp: 2024-05-29 19:10:13
URL: /Pages/gambar2.jpg
Source IP: 0:0:0:0:0:0:0:1

Timestamp: 2024-05-29 19:10:13
URL: /Pages/Logo-Udinus.png
Source IP: 0:0:0:0:0:0:0:1

Timestamp: 2024-05-29 19:10:22
URL: /Pages/index.html
Source IP: 0:0:0:0:0:0:0:1

Timestamp: 2024-05-29 19:10:22
URL: /Pages/gambar1.jpg
Source IP: 0:0:0:0:0:0:0:1

Timestamp: 2024-05-29 19:10:22
URL: /Pages/Logo-Udinus.png
Source IP: 0:0:0:0:0:0:0:1

Timestamp: 2024-05-29 19:10:22
URL: /Pages/gambar2.jpg
Source IP: 0:0:0:0:0:0:0:1

Timestamp: 2024-05-29 19:11:17
URL: /Pages/index.html
Source IP: 0:0:0:0:0:0:0:1

Timestamp: 2024-05-29 19:11:17
URL: /Pages/gambar1.jpg
Source IP: 0:0:0:0:0:0:0:1

Timestamp: 2024-05-29 19:11:17
URL: /Pages/gambar2.jpg
Source IP: 0:0:0:0:0:0:0:1

Timestamp: 2024-05-29 19:11:17
URL: /Pages/Logo-Udinus.png
Source IP: 0:0:0:0:0:0:0:1

Timestamp: 2024-05-29 19:11:24
URL: /Pages/index.html
Source IP: 0:0:0:0:0:0:0:1

Timestamp: 2024-05-29 19:11:24
URL: /Pages/gambar1.jpg
Source IP: 0:0:0:0:0:0:0:1

Timestamp: 2024-05-29 19:11:24
URL: /Pages/gambar2.jpg
Source IP: 0:0:0:0:0:0:0:1

Timestamp: 2024-05-29 19:11:24
URL: /Pages/Logo-Udinus.png
Source IP: 0:0:0:0:0:0:0:1

Timestamp: 2024-05-29 19:11:39
URL: /Pages/index.html
Source IP: 0:0:0:0:0:0:0:1

Timestamp: 2024-05-29 19:11:39
URL: /Pages/gambar1.jpg
Source IP: 0:0:0:0:0:0:0:1

Timestamp: 2024-05-29 19:11:39
URL: /Pages/gambar2.jpg
Source IP: 0:0:0:0:0:0:0:1

Timestamp: 2024-05-29 19:11:39
URL: /Pages/Logo-Udinus.png
Source IP: 0:0:0:0:0:0:0:1

Timestamp: 2024-05-29 19:11:50
URL: /Pages/index.html
Source IP: 0:0:0:0:0:0:0:1

Timestamp: 2024-05-29 19:11:50
URL: /Pages/gambar1.jpg
Source IP: 0:0:0:0:0:0:0:1

Timestamp: 2024-05-29 19:11:50
URL: /Pages/Logo-Udinus.png
Source IP: 0:0:0:0:0:0:0:1

Timestamp: 2024-05-29 19:11:50
URL: /Pages/gambar2.jpg
Source IP: 0:0:0:0:0:0:0:1

Timestamp: 2024-05-29 19:15:04
URL: /Pages
Source IP: 0:0:0:0:0:0:0:1

Timestamp: 2024-05-29 19:18:26
URL: /Pages
Source IP: 0:0:0:0:0:0:0:1

Timestamp: 2024-05-29 19:18:26
URL: /Logo-Udinus.png
Source IP: 0:0:0:0:0:0:0:1

Timestamp: 2024-05-29 19:19:43
URL: /Pages
Source IP: 0:0:0:0:0:0:0:1

Timestamp: 2024-05-29 19:19:44
URL: /Pages
Source IP: 0:0:0:0:0:0:0:1

Timestamp: 2024-05-29 19:19:45
URL: /Pages
Source IP: 0:0:0:0:0:0:0:1

Timestamp: 2024-05-29 19:19:45
URL: /Pages
Source IP: 0:0:0:0:0:0:0:1

Timestamp: 2024-05-29 19:19:45
URL: /Pages
Source IP: 0:0:0:0:0:0:0:1

Timestamp: 2024-05-29 19:19:45
URL: /Pages
Source IP: 0:0:0:0:0:0:0:1

Timestamp: 2024-05-29 19:19:45
URL: /Pages
Source IP: 0:0:0:0:0:0:0:1

Timestamp: 2024-05-29 19:19:45
URL: /Pages
Source IP: 0:0:0:0:0:0:0:1

Timestamp: 2024-05-29 19:19:46
URL: /Pages
Source IP: 0:0:0:0:0:0:0:1

Timestamp: 2024-05-29 19:19:46
URL: /Pages
Source IP: 0:0:0:0:0:0:0:1

Timestamp: 2024-05-29 19:19:46
URL: /Pages
Source IP: 0:0:0:0:0:0:0:1

Timestamp: 2024-05-29 19:19:46
URL: /Pages
Source IP: 0:0:0:0:0:0:0:1

Timestamp: 2024-05-29 19:19:46
URL: /Pages
Source IP: 0:0:0:0:0:0:0:1

Timestamp: 2024-05-29 19:19:47
URL: /Pages
Source IP: 0:0:0:0:0:0:0:1

Timestamp: 2024-05-29 19:19:47
URL: /Pages
Source IP: 0:0:0:0:0:0:0:1

Timestamp: 2024-05-29 19:19:47
URL: /Pages
Source IP: 0:0:0:0:0:0:0:1

Timestamp: 2024-05-29 19:19:47
URL: /Pages
Source IP: 0:0:0:0:0:0:0:1

Timestamp: 2024-05-29 19:19:51
URL: /
Source IP: 0:0:0:0:0:0:0:1

Timestamp: 2024-05-29 19:19:52
URL: /
Source IP: 0:0:0:0:0:0:0:1

Timestamp: 2024-05-29 19:19:52
URL: /
Source IP: 0:0:0:0:0:0:0:1

Timestamp: 2024-05-29 19:19:52
URL: /
Source IP: 0:0:0:0:0:0:0:1

Timestamp: 2024-05-29 19:19:52
URL: /
Source IP: 0:0:0:0:0:0:0:1

Timestamp: 2024-05-29 19:19:52
URL: /
Source IP: 0:0:0:0:0:0:0:1

Timestamp: 2024-05-29 19:19:53
URL: /
Source IP: 0:0:0:0:0:0:0:1

Timestamp: 2024-05-29 19:19:55
URL: /Pages
Source IP: 0:0:0:0:0:0:0:1

Timestamp: 2024-05-29 19:21:28
URL: /Pages
Source IP: 0:0:0:0:0:0:0:1

Timestamp: 2024-05-29 19:23:57
URL: /Pages
Source IP: 0:0:0:0:0:0:0:1

Timestamp: 2024-05-29 19:25:25
URL: /Pages
Source IP: 0:0:0:0:0:0:0:1

Timestamp: 2024-05-29 19:29:43
URL: /Pages
Source IP: 0:0:0:0:0:0:0:1

Timestamp: 2024-05-29 19:29:45
URL: /Pages
Source IP: 0:0:0:0:0:0:0:1

Timestamp: 2024-05-29 19:29:46
URL: /Pages
Source IP: 0:0:0:0:0:0:0:1

Timestamp: 2024-05-29 19:31:08
URL: /Pages
Source IP: 0:0:0:0:0:0:0:1

Timestamp: 2024-05-29 19:31:08
URL: /Downloads/Logo-Udinus-Official-02-980x980.png
Source IP: 0:0:0:0:0:0:0:1

Timestamp: 2024-05-29 19:31:09
URL: /Pages
Source IP: 0:0:0:0:0:0:0:1

Timestamp: 2024-05-29 19:31:09
URL: /Downloads/Logo-Udinus-Official-02-980x980.png
Source IP: 0:0:0:0:0:0:0:1

Timestamp: 2024-05-29 19:31:09
URL: /Pages
Source IP: 0:0:0:0:0:0:0:1

Timestamp: 2024-05-29 19:31:09
URL: /Downloads/Logo-Udinus-Official-02-980x980.png
Source IP: 0:0:0:0:0:0:0:1

Timestamp: 2024-05-29 19:31:09
URL: /Pages
Source IP: 0:0:0:0:0:0:0:1

Timestamp: 2024-05-29 19:31:09
URL: /Downloads/Logo-Udinus-Official-02-980x980.png
Source IP: 0:0:0:0:0:0:0:1

Timestamp: 2024-05-29 19:31:09
URL: /Pages
Source IP: 0:0:0:0:0:0:0:1

Timestamp: 2024-05-29 19:31:09
URL: /Downloads/Logo-Udinus-Official-02-980x980.png
Source IP: 0:0:0:0:0:0:0:1

Timestamp: 2024-05-29 19:31:09
URL: /Pages
Source IP: 0:0:0:0:0:0:0:1

Timestamp: 2024-05-29 19:31:09
URL: /Downloads/Logo-Udinus-Official-02-980x980.png
Source IP: 0:0:0:0:0:0:0:1

Timestamp: 2024-05-29 19:31:09
URL: /Pages
Source IP: 0:0:0:0:0:0:0:1

Timestamp: 2024-05-29 19:31:09
URL: /Downloads/Logo-Udinus-Official-02-980x980.png
Source IP: 0:0:0:0:0:0:0:1

Timestamp: 2024-05-29 19:31:10
URL: /Pages
Source IP: 0:0:0:0:0:0:0:1

Timestamp: 2024-05-29 19:31:10
URL: /Downloads/Logo-Udinus-Official-02-980x980.png
Source IP: 0:0:0:0:0:0:0:1

Timestamp: 2024-05-29 19:31:10
URL: /Pages
Source IP: 0:0:0:0:0:0:0:1

Timestamp: 2024-05-29 19:31:10
URL: /Downloads/Logo-Udinus-Official-02-980x980.png
Source IP: 0:0:0:0:0:0:0:1

Timestamp: 2024-05-29 19:47:23
URL: /Pages
Source IP: 0:0:0:0:0:0:0:1

Timestamp: 2024-05-29 19:47:23
URL: /images/Logo-Udinus.png
Source IP: 0:0:0:0:0:0:0:1

Timestamp: 2024-05-29 19:47:25
URL: /Pages
Source IP: 0:0:0:0:0:0:0:1

Timestamp: 2024-05-29 19:47:25
URL: /images/Logo-Udinus.png
Source IP: 0:0:0:0:0:0:0:1

Timestamp: 2024-05-29 19:47:38
URL: /Pages/1693445014906.png
Source IP: 0:0:0:0:0:0:0:1

Timestamp: 2024-05-29 20:09:32
URL: /Pages
Source IP: 0:0:0:0:0:0:0:1

Timestamp: 2024-05-29 20:09:32
URL: /images/Logo-Udinus.png
Source IP: 0:0:0:0:0:0:0:1

Timestamp: 2024-05-29 20:09:33
URL: /Pages
Source IP: 0:0:0:0:0:0:0:1

Timestamp: 2024-05-29 20:09:33
URL: /images/Logo-Udinus.png
Source IP: 0:0:0:0:0:0:0:1

Timestamp: 2024-05-29 20:09:33
URL: /Pages
Source IP: 0:0:0:0:0:0:0:1

Timestamp: 2024-05-29 20:09:33
URL: /images/Logo-Udinus.png
Source IP: 0:0:0:0:0:0:0:1

Timestamp: 2024-05-29 20:09:33
URL: /Pages
Source IP: 0:0:0:0:0:0:0:1

Timestamp: 2024-05-29 20:09:33
URL: /images/Logo-Udinus.png
Source IP: 0:0:0:0:0:0:0:1

Timestamp: 2024-05-29 20:09:33
URL: /Pages
Source IP: 0:0:0:0:0:0:0:1

Timestamp: 2024-05-29 20:09:33
URL: /images/Logo-Udinus.png
Source IP: 0:0:0:0:0:0:0:1

Timestamp: 2024-05-29 20:32:07
URL: /
Source IP: 0:0:0:0:0:0:0:1

Timestamp: 2024-05-29 20:32:07
URL: /Logo-Udinus.png
Source IP: 0:0:0:0:0:0:0:1

Timestamp: 2024-05-29 20:32:09
URL: /
Source IP: 0:0:0:0:0:0:0:1

Timestamp: 2024-05-29 20:32:09
URL: /Logo-Udinus.png
Source IP: 0:0:0:0:0:0:0:1

Timestamp: 2024-05-29 20:50:13
URL: /
Source IP: 0:0:0:0:0:0:0:1

Timestamp: 2024-05-29 20:50:13
URL: /Logo-Udinus.png
Source IP: 0:0:0:0:0:0:0:1

Timestamp: 2024-05-29 20:50:16
URL: /
Source IP: 0:0:0:0:0:0:0:1

Timestamp: 2024-05-29 20:50:16
URL: /Logo-Udinus.png
Source IP: 0:0:0:0:0:0:0:1

Timestamp: 2024-05-29 20:50:16
URL: /
Source IP: 0:0:0:0:0:0:0:1

Timestamp: 2024-05-29 20:50:16
URL: /Logo-Udinus.png
Source IP: 0:0:0:0:0:0:0:1

Timestamp: 2024-05-29 20:50:16
URL: /
Source IP: 0:0:0:0:0:0:0:1

Timestamp: 2024-05-29 20:50:16
URL: /Logo-Udinus.png
Source IP: 0:0:0:0:0:0:0:1

Timestamp: 2024-05-29 20:57:51
URL: /
Source IP: 0:0:0:0:0:0:0:1

Timestamp: 2024-05-29 20:57:59
URL: /index.html
Source IP: 0:0:0:0:0:0:0:1

Timestamp: 2024-05-29 20:57:59
URL: /gambar1.jpg
Source IP: 0:0:0:0:0:0:0:1

Timestamp: 2024-05-29 20:57:59
URL: /gambar2.jpg
Source IP: 0:0:0:0:0:0:0:1

Timestamp: 2024-05-29 20:58:01
URL: /Newfolder
Source IP: 0:0:0:0:0:0:0:1

Timestamp: 2024-05-29 20:58:03
URL: /Pages
Source IP: 0:0:0:0:0:0:0:1

Timestamp: 2024-05-29 20:58:04
URL: /Pages/index.html
Source IP: 0:0:0:0:0:0:0:1

Timestamp: 2024-05-29 20:58:04
URL: /Pages/gambar1.jpg
Source IP: 0:0:0:0:0:0:0:1

Timestamp: 2024-05-29 20:58:04
URL: /Pages/gambar2.jpg
Source IP: 0:0:0:0:0:0:0:1

Timestamp: 2024-05-29 20:58:04
URL: /Pages/Logo-Udinus.png
Source IP: 0:0:0:0:0:0:0:1

Timestamp: 2024-05-29 20:58:16
URL: /Pages/script.js
Source IP: 0:0:0:0:0:0:0:1

Timestamp: 2024-05-29 20:58:45
URL: /Pages
Source IP: 0:0:0:0:0:0:0:1

Timestamp: 2024-05-29 20:58:45
URL: /Pages
Source IP: 0:0:0:0:0:0:0:1

Timestamp: 2024-05-29 20:58:45
URL: /Pages
Source IP: 0:0:0:0:0:0:0:1

Timestamp: 2024-05-29 20:58:46
URL: /Pages
Source IP: 0:0:0:0:0:0:0:1

Timestamp: 2024-05-29 20:58:50
URL: /
Source IP: 0:0:0:0:0:0:0:1

Timestamp: 2024-05-29 20:58:50
URL: /
Source IP: 0:0:0:0:0:0:0:1

Timestamp: 2024-05-29 20:58:50
URL: /
Source IP: 0:0:0:0:0:0:0:1

Timestamp: 2024-05-29 21:09:42
URL: /
Source IP: 0:0:0:0:0:0:0:1

Timestamp: 2024-05-29 21:09:42
URL: /favicon.ico
Source IP: 0:0:0:0:0:0:0:1

Timestamp: 2024-05-29 21:37:38
URL: /
Source IP: 0:0:0:0:0:0:0:1

Timestamp: 2024-05-29 21:41:32
URL: /
Source IP: 0:0:0:0:0:0:0:1

Timestamp: 2024-05-29 21:41:33
URL: /
Source IP: 0:0:0:0:0:0:0:1

Timestamp: 2024-05-29 21:41:33
URL: /
Source IP: 0:0:0:0:0:0:0:1

Timestamp: 2024-05-29 21:41:33
URL: /
Source IP: 0:0:0:0:0:0:0:1

Timestamp: 2024-05-29 21:41:34
URL: /
Source IP: 0:0:0:0:0:0:0:1

Timestamp: 2024-05-29 21:41:34
URL: /
Source IP: 0:0:0:0:0:0:0:1

Timestamp: 2024-05-29 21:41:34
URL: /
Source IP: 0:0:0:0:0:0:0:1

Timestamp: 2024-05-29 21:41:34
URL: /
Source IP: 0:0:0:0:0:0:0:1

Timestamp: 2024-05-29 21:41:34
URL: /
Source IP: 0:0:0:0:0:0:0:1

Timestamp: 2024-05-29 21:41:35
URL: /
Source IP: 0:0:0:0:0:0:0:1

Timestamp: 2024-05-29 21:41:35
URL: /
Source IP: 0:0:0:0:0:0:0:1

Timestamp: 2024-05-29 21:41:35
URL: /
Source IP: 0:0:0:0:0:0:0:1

Timestamp: 2024-05-29 21:41:35
URL: /
Source IP: 0:0:0:0:0:0:0:1

Timestamp: 2024-05-29 21:41:36
URL: /
Source IP: 0:0:0:0:0:0:0:1

Timestamp: 2024-05-29 21:54:33
URL: /
Source IP: 0:0:0:0:0:0:0:1

Timestamp: 2024-05-29 21:54:35
URL: /
Source IP: 0:0:0:0:0:0:0:1

Timestamp: 2024-05-29 21:54:36
URL: /
Source IP: 0:0:0:0:0:0:0:1

Timestamp: 2024-05-29 21:54:36
URL: /
Source IP: 0:0:0:0:0:0:0:1

Timestamp: 2024-05-29 21:54:36
URL: /
Source IP: 0:0:0:0:0:0:0:1

Timestamp: 2024-05-29 21:54:36
URL: /
Source IP: 0:0:0:0:0:0:0:1

Timestamp: 2024-05-29 21:54:36
URL: /
Source IP: 0:0:0:0:0:0:0:1

Timestamp: 2024-05-29 21:54:36
URL: /
Source IP: 0:0:0:0:0:0:0:1

Timestamp: 2024-05-29 21:54:36
URL: /
Source IP: 0:0:0:0:0:0:0:1

Timestamp: 2024-05-29 21:54:36
URL: /
Source IP: 0:0:0:0:0:0:0:1

Timestamp: 2024-05-29 21:54:36
URL: /
Source IP: 0:0:0:0:0:0:0:1

Timestamp: 2024-05-29 21:54:37
URL: /
Source IP: 0:0:0:0:0:0:0:1

Timestamp: 2024-05-29 21:59:09
URL: /
Source IP: 0:0:0:0:0:0:0:1

Timestamp: 2024-05-29 22:20:06
URL: /
Source IP: 0:0:0:0:0:0:0:1

Timestamp: 2024-05-29 22:20:06
URL: /favicon.ico
Source IP: 0:0:0:0:0:0:0:1

Timestamp: 2024-05-29 22:20:28
URL: /
Source IP: 0:0:0:0:0:0:0:1

Timestamp: 2024-05-29 22:20:31
URL: /
Source IP: 0:0:0:0:0:0:0:1

Timestamp: 2024-05-29 22:22:14
URL: /
Source IP: 0:0:0:0:0:0:0:1

Timestamp: 2024-05-29 22:22:16
URL: /Logo-Udinus.png
Source IP: 0:0:0:0:0:0:0:1

Timestamp: 2024-05-29 22:25:15
URL: /
Source IP: 0:0:0:0:0:0:0:1

