Timestamp: 2024-05-30 07:20:10
URL: /
Source IP: 0:0:0:0:0:0:0:1

Timestamp: 2024-05-30 07:20:11
URL: /
Source IP: 0:0:0:0:0:0:0:1

Timestamp: 2024-05-30 07:20:11
URL: /
Source IP: 0:0:0:0:0:0:0:1

Timestamp: 2024-05-30 07:20:11
URL: /
Source IP: 0:0:0:0:0:0:0:1

Timestamp: 2024-05-30 07:20:11
URL: /
Source IP: 0:0:0:0:0:0:0:1

Timestamp: 2024-05-30 07:20:11
URL: /
Source IP: 0:0:0:0:0:0:0:1

Timestamp: 2024-05-30 09:00:57
URL: /
Source IP: 0:0:0:0:0:0:0:1

Timestamp: 2024-05-30 09:00:58
URL: /
Source IP: 0:0:0:0:0:0:0:1

Timestamp: 2024-05-30 09:00:58
URL: /
Source IP: 0:0:0:0:0:0:0:1

Timestamp: 2024-05-30 09:00:58
URL: /
Source IP: 0:0:0:0:0:0:0:1

Timestamp: 2024-05-30 09:00:58
URL: /
Source IP: 0:0:0:0:0:0:0:1

Timestamp: 2024-05-30 09:16:05
URL: /
Source IP: 0:0:0:0:0:0:0:1

Timestamp: 2024-05-30 09:17:33
URL: /index.html
Source IP: 0:0:0:0:0:0:0:1

Timestamp: 2024-05-30 09:17:34
URL: /gambar1.jpg
Source IP: 0:0:0:0:0:0:0:1

Timestamp: 2024-05-30 09:17:34
URL: /gambar2.jpg
Source IP: 0:0:0:0:0:0:0:1

Timestamp: 2024-05-30 09:17:36
URL: /Newfolder
Source IP: 0:0:0:0:0:0:0:1

Timestamp: 2024-05-30 09:17:43
URL: /Pages
Source IP: 0:0:0:0:0:0:0:1

Timestamp: 2024-05-30 09:18:39
URL: /
Source IP: 0:0:0:0:0:0:0:1

Timestamp: 2024-05-30 09:19:36
URL: /
Source IP: 0:0:0:0:0:0:0:1

Timestamp: 2024-05-30 09:21:06
URL: /
Source IP: 0:0:0:0:0:0:0:1

Timestamp: 2024-05-30 09:21:08
URL: /
Source IP: 0:0:0:0:0:0:0:1

Timestamp: 2024-05-30 09:23:03
URL: /
Source IP: 0:0:0:0:0:0:0:1

Timestamp: 2024-05-30 09:23:06
URL: /
Source IP: 0:0:0:0:0:0:0:1

Timestamp: 2024-05-30 09:23:14
URL: /
Source IP: 0:0:0:0:0:0:0:1

Timestamp: 2024-05-30 09:23:14
URL: /
Source IP: 0:0:0:0:0:0:0:1

Timestamp: 2024-05-30 09:23:14
URL: /
Source IP: 0:0:0:0:0:0:0:1

Timestamp: 2024-05-30 09:23:15
URL: /
Source IP: 0:0:0:0:0:0:0:1

Timestamp: 2024-05-30 09:23:15
URL: /
Source IP: 0:0:0:0:0:0:0:1

Timestamp: 2024-05-30 09:23:15
URL: /
Source IP: 0:0:0:0:0:0:0:1

Timestamp: 2024-05-30 09:24:18
URL: /
Source IP: 0:0:0:0:0:0:0:1

Timestamp: 2024-05-30 09:25:46
URL: /
Source IP: 0:0:0:0:0:0:0:1

Timestamp: 2024-05-30 09:25:56
URL: /
Source IP: 0:0:0:0:0:0:0:1

Timestamp: 2024-05-30 09:25:56
URL: /
Source IP: 0:0:0:0:0:0:0:1

Timestamp: 2024-05-30 09:25:56
URL: /
Source IP: 0:0:0:0:0:0:0:1

Timestamp: 2024-05-30 09:25:56
URL: /
Source IP: 0:0:0:0:0:0:0:1

Timestamp: 2024-05-30 09:25:57
URL: /
Source IP: 0:0:0:0:0:0:0:1

Timestamp: 2024-05-30 09:28:31
URL: /
Source IP: 0:0:0:0:0:0:0:1

Timestamp: 2024-05-30 09:28:34
URL: /favicon.ico
Source IP: 0:0:0:0:0:0:0:1

Timestamp: 2024-05-30 09:28:40
URL: /
Source IP: 0:0:0:0:0:0:0:1

Timestamp: 2024-05-30 09:28:40
URL: /
Source IP: 0:0:0:0:0:0:0:1

Timestamp: 2024-05-30 09:28:40
URL: /
Source IP: 0:0:0:0:0:0:0:1

Timestamp: 2024-05-30 09:28:40
URL: /
Source IP: 0:0:0:0:0:0:0:1

Timestamp: 2024-05-30 09:28:40
URL: /
Source IP: 0:0:0:0:0:0:0:1

Timestamp: 2024-05-30 09:28:41
URL: /
Source IP: 0:0:0:0:0:0:0:1

Timestamp: 2024-05-30 09:28:41
URL: /
Source IP: 0:0:0:0:0:0:0:1

Timestamp: 2024-05-30 09:28:41
URL: /
Source IP: 0:0:0:0:0:0:0:1

Timestamp: 2024-05-30 09:28:41
URL: /
Source IP: 0:0:0:0:0:0:0:1

Timestamp: 2024-05-30 09:28:41
URL: /
Source IP: 0:0:0:0:0:0:0:1

Timestamp: 2024-05-30 09:28:42
URL: /
Source IP: 0:0:0:0:0:0:0:1

Timestamp: 2024-05-30 09:30:26
URL: /
Source IP: 0:0:0:0:0:0:0:1

Timestamp: 2024-05-30 09:30:28
URL: /
Source IP: 0:0:0:0:0:0:0:1

Timestamp: 2024-05-30 09:30:29
URL: /
Source IP: 0:0:0:0:0:0:0:1

Timestamp: 2024-05-30 09:30:29
URL: /
Source IP: 0:0:0:0:0:0:0:1

Timestamp: 2024-05-30 09:30:29
URL: /
Source IP: 0:0:0:0:0:0:0:1

Timestamp: 2024-05-30 09:30:29
URL: /
Source IP: 0:0:0:0:0:0:0:1

Timestamp: 2024-05-30 09:31:47
URL: /
Source IP: 0:0:0:0:0:0:0:1

Timestamp: 2024-05-30 09:33:27
URL: /
Source IP: 0:0:0:0:0:0:0:1

Timestamp: 2024-05-30 09:33:28
URL: /
Source IP: 0:0:0:0:0:0:0:1

Timestamp: 2024-05-30 09:33:29
URL: /
Source IP: 0:0:0:0:0:0:0:1

Timestamp: 2024-05-30 09:33:29
URL: /
Source IP: 0:0:0:0:0:0:0:1

Timestamp: 2024-05-30 09:33:29
URL: /
Source IP: 0:0:0:0:0:0:0:1

Timestamp: 2024-05-30 09:33:29
URL: /
Source IP: 0:0:0:0:0:0:0:1

Timestamp: 2024-05-30 09:33:29
URL: /
Source IP: 0:0:0:0:0:0:0:1

Timestamp: 2024-05-30 09:33:33
URL: /
Source IP: 0:0:0:0:0:0:0:1

Timestamp: 2024-05-30 09:34:28
URL: /
Source IP: 0:0:0:0:0:0:0:1

Timestamp: 2024-05-30 09:34:54
URL: /
Source IP: 0:0:0:0:0:0:0:1

Timestamp: 2024-05-30 09:35:45
URL: /
Source IP: 0:0:0:0:0:0:0:1

Timestamp: 2024-05-30 09:37:20
URL: /
Source IP: 0:0:0:0:0:0:0:1

Timestamp: 2024-05-30 09:37:45
URL: /
Source IP: 0:0:0:0:0:0:0:1

Timestamp: 2024-05-30 09:37:45
URL: /
Source IP: 0:0:0:0:0:0:0:1

Timestamp: 2024-05-30 09:57:06
URL: /
Source IP: 0:0:0:0:0:0:0:1

Timestamp: 2024-05-30 09:57:06
URL: /favicon.ico
Source IP: 0:0:0:0:0:0:0:1

Timestamp: 2024-05-30 11:59:21
URL: /
Source IP: 0:0:0:0:0:0:0:1

Timestamp: 2024-05-30 11:59:21
URL: /favicon.ico
Source IP: 0:0:0:0:0:0:0:1

Timestamp: 2024-05-30 11:59:43
URL: /0-6843634564483239271.pdf
Source IP: 0:0:0:0:0:0:0:1

Timestamp: 2024-05-30 11:59:47
URL: /11-1-365-1-10-20190626.pdf
Source IP: 0:0:0:0:0:0:0:1

Timestamp: 2024-05-30 11:59:51
URL: /1.%20SEJARAH%20%20PERKEMBANGAN%20BAHASA%20INDONESIA.pptx
Source IP: 0:0:0:0:0:0:0:1

Timestamp: 2024-05-30 11:59:55
URL: /20808-Article%20Text-41840-1-10-20231023.pdf
Source IP: 0:0:0:0:0:0:0:1

Timestamp: 2024-05-30 12:00:00
URL: /A11.2023.15341_ANDIKAAPRIYANTO.pdf
Source IP: 0:0:0:0:0:0:0:1

Timestamp: 2024-05-30 12:00:06
URL: /ANDIKAAPRIYANTO_A11.2023.15341.pdf
Source IP: 0:0:0:0:0:0:0:1

Timestamp: 2024-05-30 12:00:13
URL: /archive.zip
Source IP: 0:0:0:0:0:0:0:1

Timestamp: 2024-05-30 12:00:16
URL: /bab3_aplikasi_turunan_31.pdf
Source IP: 0:0:0:0:0:0:0:1

Timestamp: 2024-05-30 12:01:54
URL: /
Source IP: 0:0:0:0:0:0:0:1

Timestamp: 2024-05-30 12:03:02
URL: /
Source IP: 0:0:0:0:0:0:0:1

Timestamp: 2024-05-30 12:29:08
URL: /14.%20TOLERANSI%20BERAGAMA.docx
Source IP: 0:0:0:0:0:0:0:1

Timestamp: 2024-05-30 12:29:16
URL: /1.%20SEJARAH%20%20PERKEMBANGAN%20BAHASA%20INDONESIA.pptx
Source IP: 0:0:0:0:0:0:0:1

Timestamp: 2024-05-30 12:29:22
URL: /0-6843634564483239271.pdf
Source IP: 0:0:0:0:0:0:0:1

Timestamp: 2024-05-30 12:29:25
URL: /
Source IP: 0:0:0:0:0:0:0:1

Timestamp: 2024-05-30 12:29:31
URL: /UTS%204402.pdf
Source IP: 0:0:0:0:0:0:0:1

Timestamp: 2024-05-30 12:31:41
URL: /
Source IP: 0:0:0:0:0:0:0:1

Timestamp: 2024-05-30 12:32:52
URL: /
Source IP: 0:0:0:0:0:0:0:1

Timestamp: 2024-05-30 12:38:27
URL: /SERTIFIKAT%20BELA%20DIRI.pdf
Source IP: 0:0:0:0:0:0:0:1

Timestamp: 2024-05-30 12:38:58
URL: /SERTIFIKAT%20KOMPUTER.pdf
Source IP: 0:0:0:0:0:0:0:1

Timestamp: 2024-05-30 14:52:13
URL: /
Source IP: 0:0:0:0:0:0:0:1

Timestamp: 2024-05-30 14:52:14
URL: /favicon.ico
Source IP: 0:0:0:0:0:0:0:1

Timestamp: 2024-05-30 14:53:25
URL: /
Source IP: 0:0:0:0:0:0:0:1

Timestamp: 2024-05-30 14:53:25
URL: /
Source IP: 0:0:0:0:0:0:0:1

Timestamp: 2024-05-30 14:53:26
URL: /
Source IP: 0:0:0:0:0:0:0:1

Timestamp: 2024-05-30 14:53:26
URL: /
Source IP: 0:0:0:0:0:0:0:1

Timestamp: 2024-05-30 14:53:26
URL: /
Source IP: 0:0:0:0:0:0:0:1

Timestamp: 2024-05-30 14:53:26
URL: /
Source IP: 0:0:0:0:0:0:0:1

Timestamp: 2024-05-30 14:53:27
URL: /
Source IP: 0:0:0:0:0:0:0:1

Timestamp: 2024-05-30 14:54:22
URL: /
Source IP: 0:0:0:0:0:0:0:1

Timestamp: 2024-05-30 14:57:40
URL: /
Source IP: 0:0:0:0:0:0:0:1

Timestamp: 2024-05-30 14:59:41
URL: /
Source IP: 0:0:0:0:0:0:0:1

Timestamp: 2024-05-30 14:59:42
URL: /
Source IP: 0:0:0:0:0:0:0:1

Timestamp: 2024-05-30 14:59:42
URL: /
Source IP: 0:0:0:0:0:0:0:1

Timestamp: 2024-05-30 14:59:43
URL: /
Source IP: 0:0:0:0:0:0:0:1

Timestamp: 2024-05-30 14:59:43
URL: /
Source IP: 0:0:0:0:0:0:0:1

Timestamp: 2024-05-30 14:59:43
URL: /
Source IP: 0:0:0:0:0:0:0:1

Timestamp: 2024-05-30 15:00:56
URL: /
Source IP: 0:0:0:0:0:0:0:1

Timestamp: 2024-05-30 15:00:59
URL: /
Source IP: 0:0:0:0:0:0:0:1

Timestamp: 2024-05-30 15:00:59
URL: /
Source IP: 0:0:0:0:0:0:0:1

Timestamp: 2024-05-30 15:00:59
URL: /
Source IP: 0:0:0:0:0:0:0:1

Timestamp: 2024-05-30 15:02:24
URL: /
Source IP: 0:0:0:0:0:0:0:1

Timestamp: 2024-05-30 15:04:44
URL: /
Source IP: 0:0:0:0:0:0:0:1

Timestamp: 2024-05-30 15:06:16
URL: /
Source IP: 0:0:0:0:0:0:0:1

Timestamp: 2024-05-30 15:07:54
URL: /
Source IP: 0:0:0:0:0:0:0:1

Timestamp: 2024-05-30 15:13:23
URL: /
Source IP: 0:0:0:0:0:0:0:1

Timestamp: 2024-05-30 15:13:43
URL: /Pages
Source IP: 0:0:0:0:0:0:0:1

Timestamp: 2024-05-30 15:13:45
URL: /Pages/index.html
Source IP: 0:0:0:0:0:0:0:1

Timestamp: 2024-05-30 15:13:45
URL: /Pages/gambar1.jpg
Source IP: 0:0:0:0:0:0:0:1

Timestamp: 2024-05-30 15:13:45
URL: /Pages/gambar2.jpg
Source IP: 0:0:0:0:0:0:0:1

Timestamp: 2024-05-30 15:13:45
URL: /Pages/Logo-Udinus.png
Source IP: 0:0:0:0:0:0:0:1

Timestamp: 2024-05-30 15:13:51
URL: /Pages/filesGambar
Source IP: 0:0:0:0:0:0:0:1

Timestamp: 2024-05-30 15:13:54
URL: /Pages/filesGambar/1667321339731.png
Source IP: 0:0:0:0:0:0:0:1

Timestamp: 2024-05-30 15:15:13
URL: /Pages
Source IP: 0:0:0:0:0:0:0:1

Timestamp: 2024-05-30 15:16:36
URL: /Pages
Source IP: 0:0:0:0:0:0:0:1

Timestamp: 2024-05-30 15:17:22
URL: /Pages
Source IP: 0:0:0:0:0:0:0:1

Timestamp: 2024-05-30 15:18:10
URL: /Pages
Source IP: 0:0:0:0:0:0:0:1

Timestamp: 2024-05-30 15:18:20
URL: /
Source IP: 0:0:0:0:0:0:0:1

Timestamp: 2024-05-30 15:18:55
URL: /doc%20(7).pdf
Source IP: 0:0:0:0:0:0:0:1

Timestamp: 2024-05-30 15:18:59
URL: /digitalforensikfsrdjournal.pdf
Source IP: 0:0:0:0:0:0:0:1

Timestamp: 2024-05-30 15:19:03
URL: /dianti%20ketenagakerjaan.docx
Source IP: 0:0:0:0:0:0:0:1

Timestamp: 2024-05-30 15:19:14
URL: /DAFTAR%20NILAI.pdf
Source IP: 0:0:0:0:0:0:0:1

Timestamp: 2024-05-30 15:19:18
URL: /DAFTAR%20NILAI.pdf
Source IP: 0:0:0:0:0:0:0:1

Timestamp: 2024-05-30 15:19:56
URL: /ESSAY%20BEBAS_ANDIKAAPRIYANTO_A11.2023.15341.pdf
Source IP: 0:0:0:0:0:0:0:1

Timestamp: 2024-05-30 15:20:16
URL: /Indramawan%20Ciputra%20_%20A11.4111.pdf
Source IP: 0:0:0:0:0:0:0:1

