Timestamp: 2024-06-06 09:53:52
URL: /
Source IP: 0:0:0:0:0:0:0:1

Timestamp: 2024-06-06 09:53:52
URL: /favicon.ico
Source IP: 0:0:0:0:0:0:0:1

Timestamp: 2024-06-06 09:54:03
URL: /Newfolder
Source IP: 0:0:0:0:0:0:0:1

Timestamp: 2024-06-06 09:54:10
URL: /Newfolder/img
Source IP: 0:0:0:0:0:0:0:1

Timestamp: 2024-06-06 09:54:19
URL: /Newfolder/img/AglaonemaRoDudAnjamani.jpg
Source IP: 0:0:0:0:0:0:0:1

Timestamp: 2024-06-06 09:54:22
URL: /Newfolder/img/AglonemaAyunindi.jpg
Source IP: 0:0:0:0:0:0:0:1

Timestamp: 2024-06-06 09:54:25
URL: /Newfolder/img/AglonemaRotundumAceh.jpeg
Source IP: 0:0:0:0:0:0:0:1

Timestamp: 2024-06-06 09:55:10
URL: /UTS%204402.pdf
Source IP: 0:0:0:0:0:0:0:1

Timestamp: 2024-06-06 12:56:10
URL: /
Source IP: 0:0:0:0:0:0:0:1

Timestamp: 2024-06-06 12:56:18
URL: /business-employment-data-december-2023-quarter
Source IP: 0:0:0:0:0:0:0:1

Timestamp: 2024-06-06 12:56:27
URL: /Documents
Source IP: 0:0:0:0:0:0:0:1

Timestamp: 2024-06-06 13:05:35
URL: /
Source IP: 0:0:0:0:0:0:0:1

Timestamp: 2024-06-06 13:05:37
URL: /0-6843634564483239271.pdf
Source IP: 0:0:0:0:0:0:0:1

Timestamp: 2024-06-06 13:11:12
URL: /
Source IP: 0:0:0:0:0:0:0:1

Timestamp: 2024-06-06 13:11:50
URL: /
Source IP: 0:0:0:0:0:0:0:1

Timestamp: 2024-06-06 13:11:50
URL: /favicon.ico
Source IP: 0:0:0:0:0:0:0:1

Timestamp: 2024-06-06 13:11:53
URL: /14.%20TOLERANSI%20BERAGAMA.docx
Source IP: 0:0:0:0:0:0:0:1

Timestamp: 2024-06-06 14:58:06
URL: /
Source IP: 0:0:0:0:0:0:0:1

Timestamp: 2024-06-06 14:58:07
URL: /favicon.ico
Source IP: 0:0:0:0:0:0:0:1

Timestamp: 2024-06-06 14:59:15
URL: /
Source IP: 0:0:0:0:0:0:0:1

Timestamp: 2024-06-06 14:59:45
URL: /archive
Source IP: 0:0:0:0:0:0:0:1

