Timestamp: 2024-06-04 11:12:52
URL: /
Source IP: 0:0:0:0:0:0:0:1

Timestamp: 2024-06-04 11:12:53
URL: /favicon.ico
Source IP: 0:0:0:0:0:0:0:1

Timestamp: 2024-06-04 12:13:38
URL: /
Source IP: 0:0:0:0:0:0:0:1

Timestamp: 2024-06-04 12:13:38
URL: /favicon.ico
Source IP: 0:0:0:0:0:0:0:1

Timestamp: 2024-06-04 12:13:45
URL: /
Source IP: 0:0:0:0:0:0:0:1

Timestamp: 2024-06-04 12:13:45
URL: /
Source IP: 0:0:0:0:0:0:0:1

Timestamp: 2024-06-04 12:13:47
URL: /
Source IP: 0:0:0:0:0:0:0:1

Timestamp: 2024-06-04 12:13:48
URL: /
Source IP: 0:0:0:0:0:0:0:1

Timestamp: 2024-06-04 12:13:48
URL: /
Source IP: 0:0:0:0:0:0:0:1

Timestamp: 2024-06-04 12:13:48
URL: /
Source IP: 0:0:0:0:0:0:0:1

Timestamp: 2024-06-04 12:13:49
URL: /
Source IP: 0:0:0:0:0:0:0:1

Timestamp: 2024-06-04 12:13:49
URL: /
Source IP: 0:0:0:0:0:0:0:1

Timestamp: 2024-06-04 12:13:49
URL: /
Source IP: 0:0:0:0:0:0:0:1

Timestamp: 2024-06-04 12:13:49
URL: /
Source IP: 0:0:0:0:0:0:0:1

Timestamp: 2024-06-04 12:13:49
URL: /
Source IP: 0:0:0:0:0:0:0:1

Timestamp: 2024-06-04 12:13:50
URL: /
Source IP: 0:0:0:0:0:0:0:1

Timestamp: 2024-06-04 12:13:50
URL: /
Source IP: 0:0:0:0:0:0:0:1

Timestamp: 2024-06-04 12:19:00
URL: /
Source IP: 0:0:0:0:0:0:0:1

Timestamp: 2024-06-04 12:19:06
URL: /
Source IP: 0:0:0:0:0:0:0:1

Timestamp: 2024-06-04 12:22:13
URL: /
Source IP: 0:0:0:0:0:0:0:1

Timestamp: 2024-06-04 12:22:15
URL: /
Source IP: 0:0:0:0:0:0:0:1

Timestamp: 2024-06-04 12:26:15
URL: /
Source IP: 0:0:0:0:0:0:0:1

Timestamp: 2024-06-04 12:26:23
URL: /Newfolder
Source IP: 0:0:0:0:0:0:0:1

Timestamp: 2024-06-04 12:26:42
URL: /UTS%204402.pdf
Source IP: 0:0:0:0:0:0:0:1

Timestamp: 2024-06-04 12:39:44
URL: /
Source IP: 0:0:0:0:0:0:0:1

Timestamp: 2024-06-04 12:39:50
URL: /Newfolder
Source IP: 0:0:0:0:0:0:0:1

Timestamp: 2024-06-04 12:39:56
URL: /Pages
Source IP: 0:0:0:0:0:0:0:1

Timestamp: 2024-06-04 12:39:58
URL: /Pages/filesGambar
Source IP: 0:0:0:0:0:0:0:1

Timestamp: 2024-06-04 12:39:59
URL: /Pages/filesGambar/1667321339731.png
Source IP: 0:0:0:0:0:0:0:1

Timestamp: 2024-06-04 12:40:05
URL: /colorful_macos_big_sur_apple-wallpaper-1920x1080.jpg
Source IP: 0:0:0:0:0:0:0:1

