Timestamp: 2024-06-03 08:56:50
URL: /
Source IP: 0:0:0:0:0:0:0:1

Timestamp: 2024-06-03 08:56:53
URL: /favicon.ico
Source IP: 0:0:0:0:0:0:0:1

Timestamp: 2024-06-03 10:21:07
URL: /
Source IP: 0:0:0:0:0:0:0:1

Timestamp: 2024-06-03 10:21:07
URL: /
Source IP: 0:0:0:0:0:0:0:1

Timestamp: 2024-06-03 10:21:29
URL: /0-6843634564483239271.pdf
Source IP: 0:0:0:0:0:0:0:1

Timestamp: 2024-06-03 10:21:34
URL: /11-1-365-1-10-20190626.pdf
Source IP: 0:0:0:0:0:0:0:1

Timestamp: 2024-06-03 10:45:27
URL: /
Source IP: 0:0:0:0:0:0:0:1

Timestamp: 2024-06-03 10:45:27
URL: /favicon.ico
Source IP: 0:0:0:0:0:0:0:1

Timestamp: 2024-06-03 10:45:29
URL: /
Source IP: 0:0:0:0:0:0:0:1

Timestamp: 2024-06-03 10:49:52
URL: /
Source IP: 0:0:0:0:0:0:0:1

Timestamp: 2024-06-03 10:49:52
URL: /
Source IP: 0:0:0:0:0:0:0:1

Timestamp: 2024-06-03 10:49:52
URL: /
Source IP: 0:0:0:0:0:0:0:1

Timestamp: 2024-06-03 10:49:52
URL: /
Source IP: 0:0:0:0:0:0:0:1

Timestamp: 2024-06-03 10:49:54
URL: /11-1-365-1-10-20190626.pdf
Source IP: 0:0:0:0:0:0:0:1

Timestamp: 2024-06-03 10:49:57
URL: /143-Article%20Text-260-1-10-20190809.pdf
Source IP: 0:0:0:0:0:0:0:1

Timestamp: 2024-06-03 11:19:46
URL: /
Source IP: 0:0:0:0:0:0:0:1

Timestamp: 2024-06-03 11:20:36
URL: /
Source IP: 0:0:0:0:0:0:0:1

Timestamp: 2024-06-03 11:26:18
URL: /
Source IP: 0:0:0:0:0:0:0:1

Timestamp: 2024-06-03 11:26:21
URL: /0-6843634564483239271.pdf
Source IP: 0:0:0:0:0:0:0:1

Timestamp: 2024-06-03 11:27:09
URL: /
Source IP: 0:0:0:0:0:0:0:1

Timestamp: 2024-06-03 11:27:11
URL: /Newfolder
Source IP: 0:0:0:0:0:0:0:1

Timestamp: 2024-06-03 11:27:15
URL: /index.html
Source IP: 0:0:0:0:0:0:0:1

Timestamp: 2024-06-03 13:44:38
URL: /
Source IP: 0:0:0:0:0:0:0:1

Timestamp: 2024-06-03 13:44:38
URL: /favicon.ico
Source IP: 0:0:0:0:0:0:0:1

Timestamp: 2024-06-03 13:44:43
URL: /index.html
Source IP: 0:0:0:0:0:0:0:1

Timestamp: 2024-06-03 13:44:43
URL: /gambar1.jpg
Source IP: 0:0:0:0:0:0:0:1

Timestamp: 2024-06-03 13:44:43
URL: /gambar2.jpg
Source IP: 0:0:0:0:0:0:0:1

Timestamp: 2024-06-03 13:44:47
URL: /Pages
Source IP: 0:0:0:0:0:0:0:1

Timestamp: 2024-06-03 13:44:49
URL: /Pages/index.html
Source IP: 0:0:0:0:0:0:0:1

Timestamp: 2024-06-03 13:44:49
URL: /Pages/gambar1.jpg
Source IP: 0:0:0:0:0:0:0:1

Timestamp: 2024-06-03 13:44:49
URL: /Pages/gambar2.jpg
Source IP: 0:0:0:0:0:0:0:1

Timestamp: 2024-06-03 13:44:49
URL: /Pages/Logo-Udinus.png
Source IP: 0:0:0:0:0:0:0:1

Timestamp: 2024-06-03 13:44:55
URL: /Pages/style.css
Source IP: 0:0:0:0:0:0:0:1

Timestamp: 2024-06-03 13:45:01
URL: /colorful_macos_big_sur_apple-wallpaper-1920x1080.jpg
Source IP: 0:0:0:0:0:0:0:1

Timestamp: 2024-06-03 13:45:04
URL: /UTS%204402.pdf
Source IP: 0:0:0:0:0:0:0:1

Timestamp: 2024-06-03 13:48:30
URL: /
Source IP: 127.0.0.1

Timestamp: 2024-06-03 13:48:30
URL: /favicon.ico
Source IP: 127.0.0.1

Timestamp: 2024-06-03 13:50:15
URL: /Pages
Source IP: 0:0:0:0:0:0:0:1

Timestamp: 2024-06-03 13:50:30
URL: /
Source IP: 0:0:0:0:0:0:0:1

Timestamp: 2024-06-03 13:50:31
URL: /favicon.ico
Source IP: 0:0:0:0:0:0:0:1

Timestamp: 2024-06-03 13:50:33
URL: /
Source IP: 0:0:0:0:0:0:0:1

Timestamp: 2024-06-03 13:51:18
URL: /
Source IP: 0:0:0:0:0:0:0:1

Timestamp: 2024-06-03 13:51:18
URL: /favicon.ico
Source IP: 0:0:0:0:0:0:0:1

Timestamp: 2024-06-03 13:51:23
URL: /Newfolder
Source IP: 0:0:0:0:0:0:0:1

Timestamp: 2024-06-03 13:51:28
URL: /colorful_macos_big_sur_apple-wallpaper-1920x1080.jpg
Source IP: 0:0:0:0:0:0:0:1

Timestamp: 2024-06-03 13:51:32
URL: /index.html
Source IP: 0:0:0:0:0:0:0:1

Timestamp: 2024-06-03 13:51:32
URL: /gambar1.jpg
Source IP: 0:0:0:0:0:0:0:1

Timestamp: 2024-06-03 13:51:32
URL: /gambar2.jpg
Source IP: 0:0:0:0:0:0:0:1

Timestamp: 2024-06-03 15:36:19
URL: /
Source IP: 0:0:0:0:0:0:0:1

Timestamp: 2024-06-03 15:36:21
URL: /favicon.ico
Source IP: 0:0:0:0:0:0:0:1

